2020/12/08 14:14:07 - root - INFO - 从文件 %(excel_name)s 中获取数据 开始
2020/12/08 14:16:08 - root - INFO - 从文件 $excel_name 中获取数据 开始
2020/12/08 14:18:32 - root - INFO - 从文件 Assesses 中获取数据 开始
2020/12/08 14:18:47 - INFO - 从文件 Assesses 中获取数据 开始
2020/12/08 14:23:54 - INFO - 方法:bill_wm_to_third 从文件 ../excel/wm.xlsx 中读取数据,开始时间：1607408634
2020/12/08 14:23:55 - INFO - 方法:bill_wm_to_third 从文件 ../excel/wm.xlsx 中读取数据,结束时间：1607408635, 执行时长：1 s
2020/12/08 14:24:47 - INFO - 方法:bill_wm_to_third 从文件 ../excel/wm_02.xlsx 中读取数据,开始时间：1607408687
2020/12/08 14:25:26 - INFO - 方法:bill_wm_to_third 从文件 ../excel/wm_02.xlsx 中读取数据,结束时间：1607408726, 执行时长：39 s
2020/12/08 17:24:16 - INFO - 方法:bill_wm_to_third 从文件 ../excel/wm_02.xlsx 中读取数据,开始时间：1607419456
2020/12/08 17:24:55 - INFO - 方法:bill_wm_to_third 从文件 ../excel/wm_02.xlsx 中读取数据,结束时间：1607419495, 读取时长：39 s
2020/12/08 17:27:26 - INFO - 方法:bill_wm_to_third 从文件 ../excel/wm_02.xlsx 中读取数据,开始时间：1607419646
2020/12/08 17:28:04 - INFO - 方法:bill_wm_to_third 从文件 ../excel/wm_02.xlsx 中读取数据,结束时间：1607419684, 读取时长：38 s
2020/12/08 17:31:33 - INFO - 方法:bill_wm_to_third 从文件 ../excel/wm_02.xlsx 中读取数据,开始时间：1607419893
2020/12/08 17:32:11 - INFO - 方法:bill_wm_to_third 从文件 ../excel/wm_02.xlsx 中读取数据,结束时间：1607419931, 读取时长：38 s
2020/12/08 17:32:55 - INFO - 方法:bill_wm_to_third 从文件 ../excel/wm_02.xlsx 中读取数据,开始时间：1607419975
2020/12/08 17:33:22 - INFO - 方法:bill_wm_to_third 从文件 ../excel/wm_02.xlsx 中读取数据,开始时间：1607420002
2020/12/08 17:34:00 - INFO - 方法:bill_wm_to_third 从文件 ../excel/wm_02.xlsx 中读取数据,结束时间：1607420040, 读取时长：38 s
2020/12/08 17:36:59 - INFO - 方法:bill_wm_to_third 从文件 ../excel/wm_02.xlsx 中读取数据,开始时间：1607420219
2020/12/08 17:37:37 - INFO - 方法:bill_wm_to_third 从文件 ../excel/wm_02.xlsx 中读取数据,结束时间：1607420257, 读取时长：38 s
2020/12/08 17:41:21 - INFO - 方法:bill_wm_to_third 从文件 ../excel/wm_02.xlsx 中读取数据,开始时间：1607420481
2020/12/08 17:41:58 - INFO - 方法:bill_wm_to_third 从文件 ../excel/wm_02.xlsx 中读取数据,结束时间：1607420518, 读取时长：37 s
2020/12/08 17:45:33 - INFO - 方法:bill_wm_to_third 从文件 ../excel/wm_02.xlsx 中读取数据,开始时间：1607420733
2020/12/08 17:46:10 - INFO - 方法:bill_wm_to_third 从文件 ../excel/wm_02.xlsx 中读取数据,结束时间：1607420770, 读取时长：37 s
2020/12/08 17:48:35 - INFO - 方法:bill_wm_to_third 从文件 ../excel/wm_02.xlsx 中读取数据,开始时间：1607420915
2020/12/08 17:49:13 - INFO - 方法:bill_wm_to_third 从文件 ../excel/wm_02.xlsx 中读取数据,结束时间：1607420953, 读取时长：38 s
2020/12/08 17:50:15 - INFO - 方法:bill_wm_to_third 从文件 ../excel/wm_02.xlsx 中读取数据,开始时间：1607421015
2020/12/08 17:50:53 - INFO - 方法:bill_wm_to_third 从文件 ../excel/wm_02.xlsx 中读取数据,结束时间：1607421053, 读取时长：38 s
2020/12/08 17:53:44 - INFO - 方法:bill_wm_to_third 从文件 ../excel/wm_02.xlsx 中读取数据,开始时间：1607421224
2020/12/08 17:54:22 - INFO - 方法:bill_wm_to_third 从文件 ../excel/wm_02.xlsx 中读取数据,结束时间：1607421262, 读取时长：38 s
2020/12/08 19:02:18 - INFO - 方法:bill_wm_to_third 从文件 ../excel/wm_02.xlsx 中读取数据,开始时间：1607425338
2020/12/08 19:02:56 - INFO - 方法:bill_wm_to_third 从文件 ../excel/wm_02.xlsx 中读取数据,结束时间：1607425376, 读取时长：38 s
2020/12/08 19:03:56 - INFO - 方法:bill_wm_to_third 从文件 ../excel/wm_02.xlsx 中读取数据,开始时间：1607425436
2020/12/08 19:04:34 - INFO - 方法:bill_wm_to_third 从文件 ../excel/wm_02.xlsx 中读取数据,结束时间：1607425474, 读取时长：38 s
2020/12/08 19:05:17 - INFO - 方法:bill_wm_to_third 从文件 ../excel/wm_02.xlsx 中读取数据,开始时间：1607425517
2020/12/08 19:05:54 - INFO - 方法:bill_wm_to_third 从文件 ../excel/wm_02.xlsx 中读取数据,结束时间：1607425554, 读取时长：37 s
2020/12/08 19:06:16 - INFO - 方法:bill_wm_to_third 从文件 ../excel/wm_02.xlsx 中读取数据,开始时间：1607425576
2020/12/08 19:06:54 - INFO - 方法:bill_wm_to_third 从文件 ../excel/wm_02.xlsx 中读取数据,结束时间：1607425614, 读取时长：38 s
2020/12/08 19:07:49 - INFO - 方法:bill_wm_to_third 从文件 ../excel/wm_02.xlsx 中读取数据,开始时间：1607425669
2020/12/08 19:08:27 - INFO - 方法:bill_wm_to_third 从文件 ../excel/wm_02.xlsx 中读取数据,结束时间：1607425707, 读取时长：38 s
2020/12/08 19:12:36 - INFO - 方法:bill_wm_to_third 从文件 ../excel/wm_02.xlsx 中读取数据,开始时间：1607425956
2020/12/08 19:13:14 - INFO - 方法:bill_wm_to_third 从文件 ../excel/wm_02.xlsx 中读取数据,结束时间：1607425994, 读取时长：38 s
2020/12/08 19:16:18 - INFO - 方法:bill_wm_to_third 从文件 ../excel/wm_02.xlsx 中读取数据,开始时间：1607426178
2020/12/08 19:16:53 - INFO - 方法:bill_wm_to_third 从文件 ../excel/wm_02.xlsx 中读取数据,开始时间：1607426213
2020/12/08 19:17:31 - INFO - 方法:bill_wm_to_third 从文件 ../excel/wm_02.xlsx 中读取数据,结束时间：1607426251, 读取时长：38 s
2020/12/08 19:19:10 - INFO - 方法:bill_wm_to_third 从文件 ../excel/wm_02.xlsx 中读取数据,开始时间：1607426350
2020/12/08 19:19:49 - INFO - 方法:bill_wm_to_third 从文件 ../excel/wm_02.xlsx 中读取数据,结束时间：1607426389, 读取时长：39 s
2020/12/08 19:20:52 - INFO - 方法:bill_wm_to_third 从文件 ../excel/wm_02.xlsx 中读取数据,开始时间：1607426452
2020/12/08 19:21:48 - INFO - 方法:bill_wm_to_third 从文件 ../excel/wm_02.xlsx 中读取数据,开始时间：1607426508
2020/12/08 19:22:26 - INFO - 方法:bill_wm_to_third 从文件 ../excel/wm_02.xlsx 中读取数据,结束时间：1607426546, 读取时长：38 s
2020/12/08 19:23:32 - INFO - 方法:bill_wm_to_third 从文件 ../excel/wm_02.xlsx 中读取数据,开始时间：1607426612
2020/12/08 19:24:09 - INFO - 方法:bill_wm_to_third 从文件 ../excel/wm_02.xlsx 中读取数据,结束时间：1607426649, 读取时长：37 s
2020/12/08 19:24:10 - INFO - 方法:bill_wm_to_third 保存数据到数据表 1 页，1000 条
2020/12/08 19:25:55 - INFO - 方法:bill_wm_to_third 从文件 ../excel/wm_02.xlsx 中读取数据,开始时间：1607426755
2020/12/08 19:26:34 - INFO - 方法:bill_wm_to_third 从文件 ../excel/wm_02.xlsx 中读取数据,结束时间：1607426794, 读取时长：39 s
2020/12/08 19:29:50 - INFO - 方法:bill_wm_to_third 从文件 ../excel/wm_02.xlsx 中读取数据,开始时间：1607426990
2020/12/08 19:30:29 - INFO - 方法:bill_wm_to_third 从文件 ../excel/wm_02.xlsx 中读取数据,结束时间：1607427029, 读取时长：39 s
2020/12/08 19:35:57 - INFO - 方法:bill_wm_to_third 从文件 ../excel/wm_02.xlsx 中读取数据,开始时间：1607427357
2020/12/08 19:39:36 - INFO - 方法:bill_wm_to_third 从文件 ../excel/wm_02.xlsx 中读取数据,开始时间：1607427576
2020/12/08 19:40:14 - INFO - 方法:bill_wm_to_third 从文件 ../excel/wm_02.xlsx 中读取数据,结束时间：1607427614, 读取时长：38 s
2020/12/08 19:40:15 - INFO - 方法:bill_wm_to_third 执行页码：1, 条数：1000 
2020/12/08 19:40:15 - INFO - 方法:bill_wm_to_third 执行页码：2, 条数：2000 
2020/12/08 19:40:15 - INFO - 方法:bill_wm_to_third 执行页码：3, 条数：3000 
2020/12/08 19:40:15 - INFO - 方法:bill_wm_to_third 执行页码：4, 条数：4000 
2020/12/08 19:40:16 - INFO - 方法:bill_wm_to_third 执行页码：5, 条数：5000 
2020/12/08 19:40:16 - INFO - 方法:bill_wm_to_third 执行页码：6, 条数：6000 
2020/12/08 19:40:16 - INFO - 方法:bill_wm_to_third 执行页码：7, 条数：7000 
2020/12/08 19:40:16 - INFO - 方法:bill_wm_to_third 执行页码：8, 条数：8000 
2020/12/08 19:40:17 - INFO - 方法:bill_wm_to_third 执行页码：9, 条数：9000 
2020/12/08 19:40:17 - INFO - 方法:bill_wm_to_third 执行页码：10, 条数：10000 
2020/12/08 19:40:17 - INFO - 方法:bill_wm_to_third 执行页码：11, 条数：11000 
2020/12/08 19:40:17 - INFO - 方法:bill_wm_to_third 执行页码：12, 条数：12000 
2020/12/08 19:40:17 - INFO - 方法:bill_wm_to_third 执行页码：13, 条数：13000 
2020/12/08 19:40:17 - INFO - 方法:bill_wm_to_third 执行页码：14, 条数：14000 
2020/12/08 19:40:17 - INFO - 方法:bill_wm_to_third 执行页码：15, 条数：15000 
2020/12/08 19:40:18 - INFO - 方法:bill_wm_to_third 执行页码：16, 条数：16000 
2020/12/08 19:40:18 - INFO - 方法:bill_wm_to_third 执行页码：17, 条数：17000 
2020/12/08 19:40:18 - INFO - 方法:bill_wm_to_third 执行页码：18, 条数：18000 
2020/12/08 19:40:18 - INFO - 方法:bill_wm_to_third 执行页码：19, 条数：19000 
2020/12/08 19:40:18 - INFO - 方法:bill_wm_to_third 执行页码：20, 条数：20000 
2020/12/08 19:40:18 - INFO - 方法:bill_wm_to_third 执行页码：21, 条数：21000 
2020/12/08 19:40:18 - INFO - 方法:bill_wm_to_third 执行页码：22, 条数：22000 
2020/12/08 19:40:18 - INFO - 方法:bill_wm_to_third 执行页码：23, 条数：23000 
2020/12/08 19:40:19 - INFO - 方法:bill_wm_to_third 执行页码：24, 条数：24000 
2020/12/08 19:40:19 - INFO - 方法:bill_wm_to_third 执行页码：25, 条数：25000 
2020/12/08 19:40:19 - INFO - 方法:bill_wm_to_third 执行页码：26, 条数：26000 
2020/12/08 19:40:19 - INFO - 方法:bill_wm_to_third 执行页码：27, 条数：27000 
2020/12/08 19:40:19 - INFO - 方法:bill_wm_to_third 执行页码：28, 条数：28000 
2020/12/08 19:40:19 - INFO - 方法:bill_wm_to_third 执行页码：29, 条数：29000 
2020/12/08 19:40:19 - INFO - 方法:bill_wm_to_third 执行页码：30, 条数：30000 
2020/12/08 19:40:20 - INFO - 方法:bill_wm_to_third 执行页码：31, 条数：31000 
2020/12/08 19:40:20 - INFO - 方法:bill_wm_to_third 执行页码：32, 条数：32000 
2020/12/08 19:40:20 - INFO - 方法:bill_wm_to_third 执行页码：33, 条数：33000 
2020/12/08 19:40:20 - INFO - 方法:bill_wm_to_third 执行页码：34, 条数：34000 
2020/12/08 19:40:20 - INFO - 方法:bill_wm_to_third 执行页码：35, 条数：35000 
2020/12/08 19:40:20 - INFO - 方法:bill_wm_to_third 执行页码：36, 条数：36000 
2020/12/08 19:40:20 - INFO - 方法:bill_wm_to_third 执行页码：37, 条数：37000 
2020/12/08 19:40:21 - INFO - 方法:bill_wm_to_third 执行页码：38, 条数：38000 
2020/12/08 19:40:21 - INFO - 方法:bill_wm_to_third 执行页码：39, 条数：39000 
2020/12/08 19:40:21 - INFO - 方法:bill_wm_to_third 执行页码：40, 条数：40000 
2020/12/08 19:40:21 - INFO - 方法:bill_wm_to_third 执行页码：41, 条数：41000 
2020/12/08 19:40:21 - INFO - 方法:bill_wm_to_third 执行页码：42, 条数：42000 
2020/12/08 19:40:21 - INFO - 方法:bill_wm_to_third 执行页码：43, 条数：43000 
2020/12/08 19:40:22 - INFO - 方法:bill_wm_to_third 执行页码：44, 条数：44000 
2020/12/08 19:40:22 - INFO - 方法:bill_wm_to_third 执行页码：45, 条数：45000 
2020/12/08 19:40:22 - INFO - 方法:bill_wm_to_third 执行页码：46, 条数：46000 
2020/12/08 19:40:22 - INFO - 方法:bill_wm_to_third 执行页码：47, 条数：47000 
2020/12/08 19:40:22 - INFO - 方法:bill_wm_to_third 执行页码：48, 条数：48000 
2020/12/08 19:40:22 - INFO - 方法:bill_wm_to_third 执行页码：49, 条数：49000 
2020/12/08 19:40:22 - INFO - 方法:bill_wm_to_third 执行页码：50, 条数：50000 
2020/12/08 19:40:23 - INFO - 方法:bill_wm_to_third 执行页码：51, 条数：51000 
2020/12/08 19:40:23 - INFO - 方法:bill_wm_to_third 执行页码：52, 条数：52000 
2020/12/08 19:40:23 - INFO - 方法:bill_wm_to_third 执行页码：53, 条数：53000 
2020/12/08 19:40:23 - INFO - 方法:bill_wm_to_third 执行页码：54, 条数：54000 
2020/12/08 19:40:23 - INFO - 方法:bill_wm_to_third 执行页码：55, 条数：55000 
2020/12/08 19:40:23 - INFO - 方法:bill_wm_to_third 执行页码：56, 条数：56000 
2020/12/08 19:40:24 - INFO - 方法:bill_wm_to_third 执行页码：57, 条数：57000 
2020/12/08 19:40:24 - INFO - 方法:bill_wm_to_third 执行页码：58, 条数：58000 
2020/12/08 19:40:24 - INFO - 方法:bill_wm_to_third 执行页码：59, 条数：59000 
2020/12/08 19:40:24 - INFO - 方法:bill_wm_to_third 执行页码：60, 条数：60000 
2020/12/08 19:40:24 - INFO - 方法:bill_wm_to_third 执行页码：61, 条数：61000 
2020/12/08 19:40:25 - INFO - 方法:bill_wm_to_third 执行页码：62, 条数：62000 
2020/12/08 19:40:25 - INFO - 方法:bill_wm_to_third 执行页码：63, 条数：63000 
2020/12/08 19:40:25 - INFO - 方法:bill_wm_to_third 执行页码：64, 条数：64000 
2020/12/08 19:40:25 - INFO - 方法:bill_wm_to_third 执行页码：65, 条数：65000 
2020/12/08 19:40:25 - INFO - 方法:bill_wm_to_third 执行页码：66, 条数：66000 
2020/12/08 19:40:25 - INFO - 方法:bill_wm_to_third 执行页码：67, 条数：67000 
2020/12/08 19:40:25 - INFO - 方法:bill_wm_to_third 执行页码：68, 条数：68000 
2020/12/08 19:40:25 - INFO - 方法:bill_wm_to_third 执行页码：69, 条数：69000 
2020/12/08 19:40:26 - INFO - 方法:bill_wm_to_third 执行页码：70, 条数：70000 
2020/12/08 19:40:26 - INFO - 方法:bill_wm_to_third 执行页码：71, 条数：71000 
2020/12/08 19:40:26 - INFO - 方法:bill_wm_to_third 执行页码：72, 条数：72000 
2020/12/08 19:40:26 - INFO - 方法:bill_wm_to_third 执行页码：73, 条数：73000 
2020/12/08 19:40:26 - INFO - 方法:bill_wm_to_third 执行页码：74, 条数：74000 
2020/12/08 19:40:26 - INFO - 方法:bill_wm_to_third 执行页码：75, 条数：75000 
2020/12/08 19:40:27 - INFO - 方法:bill_wm_to_third 执行页码：76, 条数：76000 
2020/12/08 19:40:27 - INFO - 方法:bill_wm_to_third 执行页码：77, 条数：77000 
2020/12/08 19:40:27 - INFO - 方法:bill_wm_to_third 执行页码：78, 条数：78000 
2020/12/08 19:40:27 - INFO - 方法:bill_wm_to_third 执行页码：79, 条数：79000 
2020/12/08 19:40:27 - INFO - 方法:bill_wm_to_third 执行页码：80, 条数：80000 
2020/12/08 19:40:27 - INFO - 方法:bill_wm_to_third 执行页码：81, 条数：81000 
2020/12/08 19:40:28 - INFO - 方法:bill_wm_to_third 执行页码：82, 条数：82000 
2020/12/08 19:40:28 - INFO - 方法:bill_wm_to_third 执行页码：83, 条数：83000 
2020/12/08 19:40:28 - INFO - 方法:bill_wm_to_third 执行页码：84, 条数：84000 
2020/12/08 19:40:28 - INFO - 方法:bill_wm_to_third 执行页码：85, 条数：85000 
2020/12/08 19:40:28 - INFO - 方法:bill_wm_to_third 执行页码：86, 条数：86000 
2020/12/08 19:40:28 - INFO - 方法:bill_wm_to_third 执行页码：87, 条数：87000 
2020/12/08 19:40:28 - INFO - 方法:bill_wm_to_third 执行页码：88, 条数：88000 
2020/12/08 19:40:28 - INFO - 方法:bill_wm_to_third 执行页码：89, 条数：89000 
2020/12/08 19:40:29 - INFO - 方法:bill_wm_to_third 执行页码：90, 条数：90000 
2020/12/08 19:40:29 - INFO - 方法:bill_wm_to_third 执行页码：91, 条数：91000 
2020/12/08 19:40:29 - INFO - 方法:bill_wm_to_third 执行页码：92, 条数：92000 
2020/12/08 19:40:29 - INFO - 方法:bill_wm_to_third 执行页码：93, 条数：93000 
2020/12/08 19:40:29 - INFO - 方法:bill_wm_to_third 执行页码：94, 条数：94000 
2020/12/08 19:40:29 - INFO - 方法:bill_wm_to_third 执行页码：95, 条数：95000 
2020/12/08 19:40:30 - INFO - 方法:bill_wm_to_third 执行页码：96, 条数：96000 
2020/12/08 19:40:30 - INFO - 方法:bill_wm_to_third 执行页码：97, 条数：97000 
2020/12/08 19:40:30 - INFO - 方法:bill_wm_to_third 执行页码：98, 条数：98000 
2020/12/08 19:40:30 - INFO - 方法:bill_wm_to_third 执行页码：99, 条数：99000 
2020/12/08 19:40:30 - INFO - 方法:bill_wm_to_third 执行页码：100, 条数：100000 
2020/12/08 19:40:30 - INFO - 方法:bill_wm_to_third 执行页码：101, 条数：101000 
2020/12/08 19:40:30 - INFO - 方法:bill_wm_to_third 执行页码：102, 条数：102000 
2020/12/08 19:40:31 - INFO - 方法:bill_wm_to_third 执行页码：103, 条数：103000 
2020/12/08 19:40:31 - INFO - 方法:bill_wm_to_third 执行页码：104, 条数：104000 
2020/12/08 19:40:31 - INFO - 方法:bill_wm_to_third 执行页码：105, 条数：105000 
2020/12/08 19:40:31 - INFO - 方法:bill_wm_to_third 执行页码：106, 条数：106000 
2020/12/08 19:40:31 - INFO - 方法:bill_wm_to_third 执行页码：107, 条数：107000 
2020/12/08 19:40:32 - INFO - 方法:bill_wm_to_third 执行页码：108, 条数：108000 
2020/12/08 19:40:32 - INFO - 方法:bill_wm_to_third 执行页码：109, 条数：109000 
2020/12/08 19:40:32 - INFO - 方法:bill_wm_to_third 执行页码：110, 条数：110000 
2020/12/08 19:40:32 - INFO - 方法:bill_wm_to_third 执行页码：111, 条数：111000 
2020/12/08 19:40:32 - INFO - 方法:bill_wm_to_third 执行页码：112, 条数：112000 
2020/12/08 19:40:32 - INFO - 方法:bill_wm_to_third 执行页码：113, 条数：113000 
2020/12/08 19:40:33 - INFO - 方法:bill_wm_to_third 执行页码：114, 条数：114000 
2020/12/08 19:40:33 - INFO - 方法:bill_wm_to_third 执行页码：115, 条数：115000 
2020/12/08 19:40:33 - INFO - 方法:bill_wm_to_third 执行页码：116, 条数：116000 
2020/12/08 19:40:33 - INFO - 方法:bill_wm_to_third 执行页码：117, 条数：117000 
2020/12/08 19:40:33 - INFO - 方法:bill_wm_to_third 执行页码：118, 条数：118000 
2020/12/08 19:40:33 - INFO - 方法:bill_wm_to_third 执行页码：119, 条数：119000 
2020/12/08 19:40:33 - INFO - 方法:bill_wm_to_third 执行页码：120, 条数：120000 
2020/12/08 19:40:34 - INFO - 方法:bill_wm_to_third 执行页码：121, 条数：121000 
2020/12/08 19:40:34 - INFO - 方法:bill_wm_to_third 执行页码：122, 条数：122000 
2020/12/08 19:40:34 - INFO - 方法:bill_wm_to_third 执行页码：123, 条数：123000 
2020/12/08 19:40:34 - INFO - 方法:bill_wm_to_third 执行页码：124, 条数：124000 
2020/12/08 19:40:34 - INFO - 方法:bill_wm_to_third 执行页码：125, 条数：125000 
2020/12/08 19:40:35 - INFO - 方法:bill_wm_to_third 执行页码：126, 条数：126000 
2020/12/08 19:40:35 - INFO - 方法:bill_wm_to_third 执行页码：127, 条数：127000 
2020/12/08 19:40:35 - INFO - 方法:bill_wm_to_third 执行页码：128, 条数：128000 
2020/12/08 19:40:35 - INFO - 方法:bill_wm_to_third 执行页码：129, 条数：129000 
2020/12/08 19:40:35 - INFO - 方法:bill_wm_to_third 执行页码：130, 条数：130000 
2020/12/08 19:40:35 - INFO - 方法:bill_wm_to_third 执行页码：131, 条数：131000 
2020/12/08 19:40:35 - INFO - 方法:bill_wm_to_third 执行页码：132, 条数：132000 
2020/12/08 19:40:36 - INFO - 方法:bill_wm_to_third 执行页码：133, 条数：133000 
2020/12/08 19:40:36 - INFO - 方法:bill_wm_to_third 执行页码：134, 条数：134000 
2020/12/08 19:40:36 - INFO - 方法:bill_wm_to_third 执行页码：135, 条数：135000 
2020/12/08 19:40:36 - INFO - 方法:bill_wm_to_third 执行页码：136, 条数：136000 
2020/12/08 19:40:36 - INFO - 方法:bill_wm_to_third 执行页码：137, 条数：137000 
2020/12/08 19:40:36 - INFO - 方法:bill_wm_to_third 执行页码：138, 条数：138000 
2020/12/08 19:40:37 - INFO - 方法:bill_wm_to_third 执行页码：139, 条数：139000 
2020/12/08 19:40:37 - INFO - 方法:bill_wm_to_third 执行页码：140, 条数：140000 
2020/12/08 19:40:37 - INFO - 方法:bill_wm_to_third 执行页码：141, 条数：141000 
2020/12/08 19:40:37 - INFO - 方法:bill_wm_to_third 执行页码：142, 条数：142000 
2020/12/08 19:40:37 - INFO - 方法:bill_wm_to_third 执行页码：143, 条数：143000 
2020/12/08 19:40:37 - INFO - 方法:bill_wm_to_third 执行页码：144, 条数：144000 
2020/12/08 19:40:38 - INFO - 方法:bill_wm_to_third 执行页码：145, 条数：145000 
2020/12/08 19:40:38 - INFO - 方法:bill_wm_to_third 执行页码：146, 条数：146000 
2020/12/08 19:40:38 - INFO - 方法:bill_wm_to_third 执行页码：147, 条数：147000 
2020/12/08 19:40:38 - INFO - 方法:bill_wm_to_third 执行页码：148, 条数：148000 
2020/12/08 19:40:38 - INFO - 方法:bill_wm_to_third 执行页码：149, 条数：149000 
2020/12/08 19:40:38 - INFO - 方法:bill_wm_to_third 执行页码：150, 条数：150000 
2020/12/08 19:40:38 - INFO - 方法:bill_wm_to_third 执行页码：150000, 条数：151
2020/12/08 19:49:16 - INFO - 方法:bill_wm_to_third 从文件 ../excel/wm_02.xlsx 中读取数据,开始时间：1607428156
2020/12/08 19:49:55 - INFO - 方法:bill_wm_to_third 从文件 ../excel/wm_02.xlsx 中读取数据,结束时间：1607428195, 读取时长：39 s
2020/12/08 19:49:55 - INFO - 方法:bill_wm_to_third 执行页码：1, 条数：1000 
2020/12/08 19:49:55 - INFO - 方法:bill_wm_to_third 执行页码：2, 条数：2000 
2020/12/08 19:49:56 - INFO - 方法:bill_wm_to_third 执行页码：3, 条数：3000 
2020/12/08 19:49:56 - INFO - 方法:bill_wm_to_third 执行页码：4, 条数：4000 
2020/12/08 19:49:57 - INFO - 方法:bill_wm_to_third 执行页码：5, 条数：5000 
2020/12/08 19:49:57 - INFO - 方法:bill_wm_to_third 执行页码：6, 条数：6000 
2020/12/08 19:49:57 - INFO - 方法:bill_wm_to_third 执行页码：7, 条数：7000 
2020/12/08 19:49:57 - INFO - 方法:bill_wm_to_third 执行页码：8, 条数：8000 
2020/12/08 19:49:57 - INFO - 方法:bill_wm_to_third 执行页码：9, 条数：9000 
2020/12/08 19:49:57 - INFO - 方法:bill_wm_to_third 执行页码：10, 条数：10000 
2020/12/08 19:49:58 - INFO - 方法:bill_wm_to_third 执行页码：11, 条数：11000 
2020/12/08 19:49:58 - INFO - 方法:bill_wm_to_third 执行页码：12, 条数：12000 
2020/12/08 19:49:58 - INFO - 方法:bill_wm_to_third 执行页码：13, 条数：13000 
2020/12/08 19:49:58 - INFO - 方法:bill_wm_to_third 执行页码：14, 条数：14000 
2020/12/08 19:49:58 - INFO - 方法:bill_wm_to_third 执行页码：15, 条数：15000 
2020/12/08 19:49:58 - INFO - 方法:bill_wm_to_third 执行页码：16, 条数：16000 
2020/12/08 19:49:58 - INFO - 方法:bill_wm_to_third 执行页码：17, 条数：17000 
2020/12/08 19:49:58 - INFO - 方法:bill_wm_to_third 执行页码：18, 条数：18000 
2020/12/08 19:49:59 - INFO - 方法:bill_wm_to_third 执行页码：19, 条数：19000 
2020/12/08 19:49:59 - INFO - 方法:bill_wm_to_third 执行页码：20, 条数：20000 
2020/12/08 19:49:59 - INFO - 方法:bill_wm_to_third 执行页码：21, 条数：21000 
2020/12/08 19:49:59 - INFO - 方法:bill_wm_to_third 执行页码：22, 条数：22000 
2020/12/08 19:49:59 - INFO - 方法:bill_wm_to_third 执行页码：23, 条数：23000 
2020/12/08 19:49:59 - INFO - 方法:bill_wm_to_third 执行页码：24, 条数：24000 
2020/12/08 19:49:59 - INFO - 方法:bill_wm_to_third 执行页码：25, 条数：25000 
2020/12/08 19:50:00 - INFO - 方法:bill_wm_to_third 执行页码：26, 条数：26000 
2020/12/08 19:50:00 - INFO - 方法:bill_wm_to_third 执行页码：27, 条数：27000 
2020/12/08 19:50:00 - INFO - 方法:bill_wm_to_third 执行页码：28, 条数：28000 
2020/12/08 19:50:00 - INFO - 方法:bill_wm_to_third 执行页码：29, 条数：29000 
2020/12/08 19:50:00 - INFO - 方法:bill_wm_to_third 执行页码：30, 条数：30000 
2020/12/08 19:50:00 - INFO - 方法:bill_wm_to_third 执行页码：31, 条数：31000 
2020/12/08 19:50:00 - INFO - 方法:bill_wm_to_third 执行页码：32, 条数：32000 
2020/12/08 19:50:01 - INFO - 方法:bill_wm_to_third 执行页码：33, 条数：33000 
2020/12/08 19:50:01 - INFO - 方法:bill_wm_to_third 执行页码：34, 条数：34000 
2020/12/08 19:50:01 - INFO - 方法:bill_wm_to_third 执行页码：35, 条数：35000 
2020/12/08 19:50:01 - INFO - 方法:bill_wm_to_third 执行页码：36, 条数：36000 
2020/12/08 19:50:01 - INFO - 方法:bill_wm_to_third 执行页码：37, 条数：37000 
2020/12/08 19:50:01 - INFO - 方法:bill_wm_to_third 执行页码：38, 条数：38000 
2020/12/08 19:50:01 - INFO - 方法:bill_wm_to_third 执行页码：39, 条数：39000 
2020/12/08 19:50:02 - INFO - 方法:bill_wm_to_third 执行页码：40, 条数：40000 
2020/12/08 19:50:02 - INFO - 方法:bill_wm_to_third 执行页码：41, 条数：41000 
2020/12/08 19:50:02 - INFO - 方法:bill_wm_to_third 执行页码：42, 条数：42000 
2020/12/08 19:50:02 - INFO - 方法:bill_wm_to_third 执行页码：43, 条数：43000 
2020/12/08 19:50:02 - INFO - 方法:bill_wm_to_third 执行页码：44, 条数：44000 
2020/12/08 19:50:02 - INFO - 方法:bill_wm_to_third 执行页码：45, 条数：45000 
2020/12/08 19:50:02 - INFO - 方法:bill_wm_to_third 执行页码：46, 条数：46000 
2020/12/08 19:50:02 - INFO - 方法:bill_wm_to_third 执行页码：47, 条数：47000 
2020/12/08 19:50:03 - INFO - 方法:bill_wm_to_third 执行页码：48, 条数：48000 
2020/12/08 19:50:03 - INFO - 方法:bill_wm_to_third 执行页码：49, 条数：49000 
2020/12/08 19:50:03 - INFO - 方法:bill_wm_to_third 执行页码：50, 条数：50000 
2020/12/08 19:50:03 - INFO - 方法:bill_wm_to_third 执行页码：51, 条数：51000 
2020/12/08 19:50:03 - INFO - 方法:bill_wm_to_third 执行页码：52, 条数：52000 
2020/12/08 19:50:04 - INFO - 方法:bill_wm_to_third 执行页码：53, 条数：53000 
2020/12/08 19:50:04 - INFO - 方法:bill_wm_to_third 执行页码：54, 条数：54000 
2020/12/08 19:50:04 - INFO - 方法:bill_wm_to_third 执行页码：55, 条数：55000 
2020/12/08 19:50:04 - INFO - 方法:bill_wm_to_third 执行页码：56, 条数：56000 
2020/12/08 19:50:04 - INFO - 方法:bill_wm_to_third 执行页码：57, 条数：57000 
2020/12/08 19:50:04 - INFO - 方法:bill_wm_to_third 执行页码：58, 条数：58000 
2020/12/08 19:50:05 - INFO - 方法:bill_wm_to_third 执行页码：59, 条数：59000 
2020/12/08 19:50:05 - INFO - 方法:bill_wm_to_third 执行页码：60, 条数：60000 
2020/12/08 19:50:05 - INFO - 方法:bill_wm_to_third 执行页码：61, 条数：61000 
2020/12/08 19:50:05 - INFO - 方法:bill_wm_to_third 执行页码：62, 条数：62000 
2020/12/08 19:50:05 - INFO - 方法:bill_wm_to_third 执行页码：63, 条数：63000 
2020/12/08 19:50:05 - INFO - 方法:bill_wm_to_third 执行页码：64, 条数：64000 
2020/12/08 19:50:05 - INFO - 方法:bill_wm_to_third 执行页码：65, 条数：65000 
2020/12/08 19:50:06 - INFO - 方法:bill_wm_to_third 执行页码：66, 条数：66000 
2020/12/08 19:50:06 - INFO - 方法:bill_wm_to_third 执行页码：67, 条数：67000 
2020/12/08 19:50:06 - INFO - 方法:bill_wm_to_third 执行页码：68, 条数：68000 
2020/12/08 19:50:06 - INFO - 方法:bill_wm_to_third 执行页码：69, 条数：69000 
2020/12/08 19:50:06 - INFO - 方法:bill_wm_to_third 执行页码：70, 条数：70000 
2020/12/08 19:50:06 - INFO - 方法:bill_wm_to_third 执行页码：71, 条数：71000 
2020/12/08 19:50:06 - INFO - 方法:bill_wm_to_third 执行页码：72, 条数：72000 
2020/12/08 19:50:07 - INFO - 方法:bill_wm_to_third 执行页码：73, 条数：73000 
2020/12/08 19:50:07 - INFO - 方法:bill_wm_to_third 执行页码：74, 条数：74000 
2020/12/08 19:50:07 - INFO - 方法:bill_wm_to_third 执行页码：75, 条数：75000 
2020/12/08 19:50:07 - INFO - 方法:bill_wm_to_third 执行页码：76, 条数：76000 
2020/12/08 19:50:07 - INFO - 方法:bill_wm_to_third 执行页码：77, 条数：77000 
2020/12/08 19:50:07 - INFO - 方法:bill_wm_to_third 执行页码：78, 条数：78000 
2020/12/08 19:50:07 - INFO - 方法:bill_wm_to_third 执行页码：79, 条数：79000 
2020/12/08 19:50:07 - INFO - 方法:bill_wm_to_third 执行页码：80, 条数：80000 
2020/12/08 19:50:08 - INFO - 方法:bill_wm_to_third 执行页码：81, 条数：81000 
2020/12/08 19:50:08 - INFO - 方法:bill_wm_to_third 执行页码：82, 条数：82000 
2020/12/08 19:50:08 - INFO - 方法:bill_wm_to_third 执行页码：83, 条数：83000 
2020/12/08 19:50:08 - INFO - 方法:bill_wm_to_third 执行页码：84, 条数：84000 
2020/12/08 19:50:08 - INFO - 方法:bill_wm_to_third 执行页码：85, 条数：85000 
2020/12/08 19:50:08 - INFO - 方法:bill_wm_to_third 执行页码：86, 条数：86000 
2020/12/08 19:50:08 - INFO - 方法:bill_wm_to_third 执行页码：87, 条数：87000 
2020/12/08 19:50:09 - INFO - 方法:bill_wm_to_third 执行页码：88, 条数：88000 
2020/12/08 19:50:09 - INFO - 方法:bill_wm_to_third 执行页码：89, 条数：89000 
2020/12/08 19:50:09 - INFO - 方法:bill_wm_to_third 执行页码：90, 条数：90000 
2020/12/08 19:50:09 - INFO - 方法:bill_wm_to_third 执行页码：91, 条数：91000 
2020/12/08 19:50:09 - INFO - 方法:bill_wm_to_third 执行页码：92, 条数：92000 
2020/12/08 19:50:09 - INFO - 方法:bill_wm_to_third 执行页码：93, 条数：93000 
2020/12/08 19:50:09 - INFO - 方法:bill_wm_to_third 执行页码：94, 条数：94000 
2020/12/08 19:50:10 - INFO - 方法:bill_wm_to_third 执行页码：95, 条数：95000 
2020/12/08 19:50:10 - INFO - 方法:bill_wm_to_third 执行页码：96, 条数：96000 
2020/12/08 19:50:10 - INFO - 方法:bill_wm_to_third 执行页码：97, 条数：97000 
2020/12/08 19:50:10 - INFO - 方法:bill_wm_to_third 执行页码：98, 条数：98000 
2020/12/08 19:50:10 - INFO - 方法:bill_wm_to_third 执行页码：99, 条数：99000 
2020/12/08 19:50:10 - INFO - 方法:bill_wm_to_third 执行页码：100, 条数：100000 
2020/12/08 19:50:10 - INFO - 方法:bill_wm_to_third 执行页码：101, 条数：101000 
2020/12/08 19:50:10 - INFO - 方法:bill_wm_to_third 执行页码：102, 条数：102000 
2020/12/08 19:50:11 - INFO - 方法:bill_wm_to_third 执行页码：103, 条数：103000 
2020/12/08 19:50:11 - INFO - 方法:bill_wm_to_third 执行页码：104, 条数：104000 
2020/12/08 19:50:11 - INFO - 方法:bill_wm_to_third 执行页码：105, 条数：105000 
2020/12/08 19:50:11 - INFO - 方法:bill_wm_to_third 执行页码：106, 条数：106000 
2020/12/08 19:50:11 - INFO - 方法:bill_wm_to_third 执行页码：107, 条数：107000 
2020/12/08 19:50:11 - INFO - 方法:bill_wm_to_third 执行页码：108, 条数：108000 
2020/12/08 19:50:11 - INFO - 方法:bill_wm_to_third 执行页码：109, 条数：109000 
2020/12/08 19:50:12 - INFO - 方法:bill_wm_to_third 执行页码：110, 条数：110000 
2020/12/08 19:50:12 - INFO - 方法:bill_wm_to_third 执行页码：111, 条数：111000 
2020/12/08 19:50:12 - INFO - 方法:bill_wm_to_third 执行页码：112, 条数：112000 
2020/12/08 19:50:12 - INFO - 方法:bill_wm_to_third 执行页码：113, 条数：113000 
2020/12/08 19:50:12 - INFO - 方法:bill_wm_to_third 执行页码：114, 条数：114000 
2020/12/08 19:50:12 - INFO - 方法:bill_wm_to_third 执行页码：115, 条数：115000 
2020/12/08 19:50:12 - INFO - 方法:bill_wm_to_third 执行页码：116, 条数：116000 
2020/12/08 19:50:12 - INFO - 方法:bill_wm_to_third 执行页码：117, 条数：117000 
2020/12/08 19:50:13 - INFO - 方法:bill_wm_to_third 执行页码：118, 条数：118000 
2020/12/08 19:50:13 - INFO - 方法:bill_wm_to_third 执行页码：119, 条数：119000 
2020/12/08 19:50:13 - INFO - 方法:bill_wm_to_third 执行页码：120, 条数：120000 
2020/12/08 19:50:13 - INFO - 方法:bill_wm_to_third 执行页码：121, 条数：121000 
2020/12/08 19:50:13 - INFO - 方法:bill_wm_to_third 执行页码：122, 条数：122000 
2020/12/08 19:50:13 - INFO - 方法:bill_wm_to_third 执行页码：123, 条数：123000 
2020/12/08 19:50:13 - INFO - 方法:bill_wm_to_third 执行页码：124, 条数：124000 
2020/12/08 19:50:14 - INFO - 方法:bill_wm_to_third 执行页码：125, 条数：125000 
2020/12/08 19:50:14 - INFO - 方法:bill_wm_to_third 执行页码：126, 条数：126000 
2020/12/08 19:50:14 - INFO - 方法:bill_wm_to_third 执行页码：127, 条数：127000 
2020/12/08 19:50:14 - INFO - 方法:bill_wm_to_third 执行页码：128, 条数：128000 
2020/12/08 19:50:14 - INFO - 方法:bill_wm_to_third 执行页码：129, 条数：129000 
2020/12/08 19:50:14 - INFO - 方法:bill_wm_to_third 执行页码：130, 条数：130000 
2020/12/08 19:50:14 - INFO - 方法:bill_wm_to_third 执行页码：131, 条数：131000 
2020/12/08 19:50:14 - INFO - 方法:bill_wm_to_third 执行页码：132, 条数：132000 
2020/12/08 19:50:15 - INFO - 方法:bill_wm_to_third 执行页码：133, 条数：133000 
2020/12/08 19:50:15 - INFO - 方法:bill_wm_to_third 执行页码：134, 条数：134000 
2020/12/08 19:50:15 - INFO - 方法:bill_wm_to_third 执行页码：135, 条数：135000 
2020/12/08 19:50:15 - INFO - 方法:bill_wm_to_third 执行页码：136, 条数：136000 
2020/12/08 19:50:15 - INFO - 方法:bill_wm_to_third 执行页码：137, 条数：137000 
2020/12/08 19:50:15 - INFO - 方法:bill_wm_to_third 执行页码：138, 条数：138000 
2020/12/08 19:50:15 - INFO - 方法:bill_wm_to_third 执行页码：139, 条数：139000 
2020/12/08 19:50:16 - INFO - 方法:bill_wm_to_third 执行页码：140, 条数：140000 
2020/12/08 19:50:16 - INFO - 方法:bill_wm_to_third 执行页码：141, 条数：141000 
2020/12/08 19:50:16 - INFO - 方法:bill_wm_to_third 执行页码：142, 条数：142000 
2020/12/08 19:50:16 - INFO - 方法:bill_wm_to_third 执行页码：143, 条数：143000 
2020/12/08 19:50:16 - INFO - 方法:bill_wm_to_third 执行页码：144, 条数：144000 
2020/12/08 19:50:16 - INFO - 方法:bill_wm_to_third 执行页码：145, 条数：145000 
2020/12/08 19:50:16 - INFO - 方法:bill_wm_to_third 执行页码：146, 条数：146000 
2020/12/08 19:50:17 - INFO - 方法:bill_wm_to_third 执行页码：147, 条数：147000 
2020/12/08 19:50:17 - INFO - 方法:bill_wm_to_third 执行页码：148, 条数：148000 
2020/12/08 19:50:17 - INFO - 方法:bill_wm_to_third 执行页码：149, 条数：149000 
2020/12/08 19:50:17 - INFO - 方法:bill_wm_to_third 执行页码：150, 条数：150000 
2020/12/08 19:50:17 - INFO - 方法:bill_wm_to_third 执行页码：150000, 条数：151
2020/12/09 09:05:52 - INFO - 方法:bill_wm_to_third 从文件 ../excel/wm_02.xlsx 中读取数据,开始时间：1607475952
2020/12/09 09:06:33 - INFO - 方法:bill_wm_to_third 从文件 ../excel/wm_02.xlsx 中读取数据,结束时间：1607475993, 读取时长：41 s
2020/12/09 09:09:21 - INFO - 方法:bill_wm_to_third 从文件 ../excel/wm_02.xlsx 中读取数据,开始时间：1607476161
2020/12/09 09:09:58 - INFO - 方法:bill_wm_to_third 从文件 ../excel/wm_02.xlsx 中读取数据,结束时间：1607476198, 读取时长：37 s
2020/12/09 09:12:51 - INFO - 方法:bill_wm_to_third 从文件 ../excel/wm_02.xlsx 中读取数据,开始时间：1607476371
2020/12/09 09:13:28 - INFO - 方法:bill_wm_to_third 从文件 ../excel/wm_02.xlsx 中读取数据,结束时间：1607476408, 读取时长：37 s
2020/12/09 09:13:29 - INFO - 方法:bill_wm_to_third 执行页码：1, 条数：1000 
2020/12/09 09:13:29 - INFO - 方法:bill_wm_to_third 执行页码：2, 条数：2000 
2020/12/09 09:13:29 - INFO - 方法:bill_wm_to_third 执行页码：3, 条数：3000 
2020/12/09 09:13:30 - INFO - 方法:bill_wm_to_third 执行页码：4, 条数：4000 
2020/12/09 09:13:30 - INFO - 方法:bill_wm_to_third 执行页码：5, 条数：5000 
2020/12/09 09:13:30 - INFO - 方法:bill_wm_to_third 执行页码：6, 条数：6000 
2020/12/09 09:13:31 - INFO - 方法:bill_wm_to_third 执行页码：7, 条数：7000 
2020/12/09 09:13:31 - INFO - 方法:bill_wm_to_third 执行页码：8, 条数：8000 
2020/12/09 09:13:31 - INFO - 方法:bill_wm_to_third 执行页码：9, 条数：9000 
2020/12/09 09:13:31 - INFO - 方法:bill_wm_to_third 执行页码：10, 条数：10000 
2020/12/09 09:13:31 - INFO - 方法:bill_wm_to_third 执行页码：11, 条数：11000 
2020/12/09 09:13:32 - INFO - 方法:bill_wm_to_third 执行页码：12, 条数：12000 
2020/12/09 09:13:32 - INFO - 方法:bill_wm_to_third 执行页码：13, 条数：13000 
2020/12/09 09:13:32 - INFO - 方法:bill_wm_to_third 执行页码：14, 条数：14000 
2020/12/09 09:13:32 - INFO - 方法:bill_wm_to_third 执行页码：15, 条数：15000 
2020/12/09 09:13:32 - INFO - 方法:bill_wm_to_third 执行页码：16, 条数：16000 
2020/12/09 09:13:33 - INFO - 方法:bill_wm_to_third 执行页码：17, 条数：17000 
2020/12/09 09:13:33 - INFO - 方法:bill_wm_to_third 执行页码：18, 条数：18000 
2020/12/09 09:13:33 - INFO - 方法:bill_wm_to_third 执行页码：19, 条数：19000 
2020/12/09 09:13:33 - INFO - 方法:bill_wm_to_third 执行页码：20, 条数：20000 
2020/12/09 09:13:33 - INFO - 方法:bill_wm_to_third 执行页码：21, 条数：21000 
2020/12/09 09:13:33 - INFO - 方法:bill_wm_to_third 执行页码：22, 条数：22000 
2020/12/09 09:13:34 - INFO - 方法:bill_wm_to_third 执行页码：23, 条数：23000 
2020/12/09 09:13:34 - INFO - 方法:bill_wm_to_third 执行页码：24, 条数：24000 
2020/12/09 09:13:34 - INFO - 方法:bill_wm_to_third 执行页码：25, 条数：25000 
2020/12/09 09:13:34 - INFO - 方法:bill_wm_to_third 执行页码：26, 条数：26000 
2020/12/09 09:13:34 - INFO - 方法:bill_wm_to_third 执行页码：27, 条数：27000 
2020/12/09 09:13:34 - INFO - 方法:bill_wm_to_third 执行页码：28, 条数：28000 
2020/12/09 09:13:35 - INFO - 方法:bill_wm_to_third 执行页码：29, 条数：29000 
2020/12/09 09:13:35 - INFO - 方法:bill_wm_to_third 执行页码：30, 条数：30000 
2020/12/09 09:13:35 - INFO - 方法:bill_wm_to_third 执行页码：31, 条数：31000 
2020/12/09 09:13:35 - INFO - 方法:bill_wm_to_third 执行页码：32, 条数：32000 
2020/12/09 09:13:35 - INFO - 方法:bill_wm_to_third 执行页码：33, 条数：33000 
2020/12/09 09:13:36 - INFO - 方法:bill_wm_to_third 执行页码：34, 条数：34000 
2020/12/09 09:13:36 - INFO - 方法:bill_wm_to_third 执行页码：35, 条数：35000 
2020/12/09 09:13:36 - INFO - 方法:bill_wm_to_third 执行页码：36, 条数：36000 
2020/12/09 09:13:36 - INFO - 方法:bill_wm_to_third 执行页码：37, 条数：37000 
2020/12/09 09:13:36 - INFO - 方法:bill_wm_to_third 执行页码：38, 条数：38000 
2020/12/09 09:13:36 - INFO - 方法:bill_wm_to_third 执行页码：39, 条数：39000 
2020/12/09 09:13:37 - INFO - 方法:bill_wm_to_third 执行页码：40, 条数：40000 
2020/12/09 09:13:37 - INFO - 方法:bill_wm_to_third 执行页码：41, 条数：41000 
2020/12/09 09:13:37 - INFO - 方法:bill_wm_to_third 执行页码：42, 条数：42000 
2020/12/09 09:13:37 - INFO - 方法:bill_wm_to_third 执行页码：43, 条数：43000 
2020/12/09 09:13:37 - INFO - 方法:bill_wm_to_third 执行页码：44, 条数：44000 
2020/12/09 09:13:38 - INFO - 方法:bill_wm_to_third 执行页码：45, 条数：45000 
2020/12/09 09:13:38 - INFO - 方法:bill_wm_to_third 执行页码：46, 条数：46000 
2020/12/09 09:13:38 - INFO - 方法:bill_wm_to_third 执行页码：47, 条数：47000 
2020/12/09 09:13:38 - INFO - 方法:bill_wm_to_third 执行页码：48, 条数：48000 
2020/12/09 09:13:38 - INFO - 方法:bill_wm_to_third 执行页码：49, 条数：49000 
2020/12/09 09:13:38 - INFO - 方法:bill_wm_to_third 执行页码：50, 条数：50000 
2020/12/09 09:13:39 - INFO - 方法:bill_wm_to_third 执行页码：51, 条数：51000 
2020/12/09 09:13:39 - INFO - 方法:bill_wm_to_third 执行页码：52, 条数：52000 
2020/12/09 09:13:39 - INFO - 方法:bill_wm_to_third 执行页码：53, 条数：53000 
2020/12/09 09:13:39 - INFO - 方法:bill_wm_to_third 执行页码：54, 条数：54000 
2020/12/09 09:13:39 - INFO - 方法:bill_wm_to_third 执行页码：55, 条数：55000 
2020/12/09 09:13:39 - INFO - 方法:bill_wm_to_third 执行页码：56, 条数：56000 
2020/12/09 09:13:40 - INFO - 方法:bill_wm_to_third 执行页码：57, 条数：57000 
2020/12/09 09:13:40 - INFO - 方法:bill_wm_to_third 执行页码：58, 条数：58000 
2020/12/09 09:13:40 - INFO - 方法:bill_wm_to_third 执行页码：59, 条数：59000 
2020/12/09 09:13:40 - INFO - 方法:bill_wm_to_third 执行页码：60, 条数：60000 
2020/12/09 09:13:40 - INFO - 方法:bill_wm_to_third 执行页码：61, 条数：61000 
2020/12/09 09:13:41 - INFO - 方法:bill_wm_to_third 执行页码：62, 条数：62000 
2020/12/09 09:13:41 - INFO - 方法:bill_wm_to_third 执行页码：63, 条数：63000 
2020/12/09 09:13:41 - INFO - 方法:bill_wm_to_third 执行页码：64, 条数：64000 
2020/12/09 09:13:41 - INFO - 方法:bill_wm_to_third 执行页码：65, 条数：65000 
2020/12/09 09:13:41 - INFO - 方法:bill_wm_to_third 执行页码：66, 条数：66000 
2020/12/09 09:13:42 - INFO - 方法:bill_wm_to_third 执行页码：67, 条数：67000 
2020/12/09 09:13:42 - INFO - 方法:bill_wm_to_third 执行页码：68, 条数：68000 
2020/12/09 09:13:42 - INFO - 方法:bill_wm_to_third 执行页码：69, 条数：69000 
2020/12/09 09:13:42 - INFO - 方法:bill_wm_to_third 执行页码：70, 条数：70000 
2020/12/09 09:13:42 - INFO - 方法:bill_wm_to_third 执行页码：71, 条数：71000 
2020/12/09 09:13:43 - INFO - 方法:bill_wm_to_third 执行页码：72, 条数：72000 
2020/12/09 09:13:43 - INFO - 方法:bill_wm_to_third 执行页码：73, 条数：73000 
2020/12/09 09:13:43 - INFO - 方法:bill_wm_to_third 执行页码：74, 条数：74000 
2020/12/09 09:13:43 - INFO - 方法:bill_wm_to_third 执行页码：75, 条数：75000 
2020/12/09 09:13:43 - INFO - 方法:bill_wm_to_third 执行页码：76, 条数：76000 
2020/12/09 09:13:43 - INFO - 方法:bill_wm_to_third 执行页码：77, 条数：77000 
2020/12/09 09:13:44 - INFO - 方法:bill_wm_to_third 执行页码：78, 条数：78000 
2020/12/09 09:13:44 - INFO - 方法:bill_wm_to_third 执行页码：79, 条数：79000 
2020/12/09 09:13:44 - INFO - 方法:bill_wm_to_third 执行页码：80, 条数：80000 
2020/12/09 09:13:44 - INFO - 方法:bill_wm_to_third 执行页码：81, 条数：81000 
2020/12/09 09:13:44 - INFO - 方法:bill_wm_to_third 执行页码：82, 条数：82000 
2020/12/09 09:13:44 - INFO - 方法:bill_wm_to_third 执行页码：83, 条数：83000 
2020/12/09 09:13:45 - INFO - 方法:bill_wm_to_third 执行页码：84, 条数：84000 
2020/12/09 09:13:45 - INFO - 方法:bill_wm_to_third 执行页码：85, 条数：85000 
2020/12/09 09:13:45 - INFO - 方法:bill_wm_to_third 执行页码：86, 条数：86000 
2020/12/09 09:13:45 - INFO - 方法:bill_wm_to_third 执行页码：87, 条数：87000 
2020/12/09 09:13:45 - INFO - 方法:bill_wm_to_third 执行页码：88, 条数：88000 
2020/12/09 09:13:46 - INFO - 方法:bill_wm_to_third 执行页码：89, 条数：89000 
2020/12/09 09:13:46 - INFO - 方法:bill_wm_to_third 执行页码：90, 条数：90000 
2020/12/09 09:13:46 - INFO - 方法:bill_wm_to_third 执行页码：91, 条数：91000 
2020/12/09 09:13:46 - INFO - 方法:bill_wm_to_third 执行页码：92, 条数：92000 
2020/12/09 09:13:47 - INFO - 方法:bill_wm_to_third 执行页码：93, 条数：93000 
2020/12/09 09:13:47 - INFO - 方法:bill_wm_to_third 执行页码：94, 条数：94000 
2020/12/09 09:13:47 - INFO - 方法:bill_wm_to_third 执行页码：95, 条数：95000 
2020/12/09 09:13:47 - INFO - 方法:bill_wm_to_third 执行页码：96, 条数：96000 
2020/12/09 09:13:47 - INFO - 方法:bill_wm_to_third 执行页码：97, 条数：97000 
2020/12/09 09:13:47 - INFO - 方法:bill_wm_to_third 执行页码：98, 条数：98000 
2020/12/09 09:13:48 - INFO - 方法:bill_wm_to_third 执行页码：99, 条数：99000 
2020/12/09 09:13:48 - INFO - 方法:bill_wm_to_third 执行页码：100, 条数：100000 
2020/12/09 09:13:48 - INFO - 方法:bill_wm_to_third 执行页码：101, 条数：101000 
2020/12/09 09:13:48 - INFO - 方法:bill_wm_to_third 执行页码：102, 条数：102000 
2020/12/09 09:13:48 - INFO - 方法:bill_wm_to_third 执行页码：103, 条数：103000 
2020/12/09 09:13:49 - INFO - 方法:bill_wm_to_third 执行页码：104, 条数：104000 
2020/12/09 09:13:49 - INFO - 方法:bill_wm_to_third 执行页码：105, 条数：105000 
2020/12/09 09:13:49 - INFO - 方法:bill_wm_to_third 执行页码：106, 条数：106000 
2020/12/09 09:13:49 - INFO - 方法:bill_wm_to_third 执行页码：107, 条数：107000 
2020/12/09 09:13:49 - INFO - 方法:bill_wm_to_third 执行页码：108, 条数：108000 
2020/12/09 09:13:49 - INFO - 方法:bill_wm_to_third 执行页码：109, 条数：109000 
2020/12/09 09:13:50 - INFO - 方法:bill_wm_to_third 执行页码：110, 条数：110000 
2020/12/09 09:13:50 - INFO - 方法:bill_wm_to_third 执行页码：111, 条数：111000 
2020/12/09 09:13:50 - INFO - 方法:bill_wm_to_third 执行页码：112, 条数：112000 
2020/12/09 09:13:50 - INFO - 方法:bill_wm_to_third 执行页码：113, 条数：113000 
2020/12/09 09:13:50 - INFO - 方法:bill_wm_to_third 执行页码：114, 条数：114000 
2020/12/09 09:13:51 - INFO - 方法:bill_wm_to_third 执行页码：115, 条数：115000 
2020/12/09 09:13:51 - INFO - 方法:bill_wm_to_third 执行页码：116, 条数：116000 
2020/12/09 09:13:51 - INFO - 方法:bill_wm_to_third 执行页码：117, 条数：117000 
2020/12/09 09:13:51 - INFO - 方法:bill_wm_to_third 执行页码：118, 条数：118000 
2020/12/09 09:13:51 - INFO - 方法:bill_wm_to_third 执行页码：119, 条数：119000 
2020/12/09 09:13:52 - INFO - 方法:bill_wm_to_third 执行页码：120, 条数：120000 
2020/12/09 09:13:52 - INFO - 方法:bill_wm_to_third 执行页码：121, 条数：121000 
2020/12/09 09:13:52 - INFO - 方法:bill_wm_to_third 执行页码：122, 条数：122000 
2020/12/09 09:13:52 - INFO - 方法:bill_wm_to_third 执行页码：123, 条数：123000 
2020/12/09 09:13:52 - INFO - 方法:bill_wm_to_third 执行页码：124, 条数：124000 
2020/12/09 09:13:53 - INFO - 方法:bill_wm_to_third 执行页码：125, 条数：125000 
2020/12/09 09:13:53 - INFO - 方法:bill_wm_to_third 执行页码：126, 条数：126000 
2020/12/09 09:13:53 - INFO - 方法:bill_wm_to_third 执行页码：127, 条数：127000 
2020/12/09 09:13:53 - INFO - 方法:bill_wm_to_third 执行页码：128, 条数：128000 
2020/12/09 09:13:53 - INFO - 方法:bill_wm_to_third 执行页码：129, 条数：129000 
2020/12/09 09:13:53 - INFO - 方法:bill_wm_to_third 执行页码：130, 条数：130000 
2020/12/09 09:13:54 - INFO - 方法:bill_wm_to_third 执行页码：131, 条数：131000 
2020/12/09 09:13:54 - INFO - 方法:bill_wm_to_third 执行页码：132, 条数：132000 
2020/12/09 09:13:54 - INFO - 方法:bill_wm_to_third 执行页码：133, 条数：133000 
2020/12/09 09:13:54 - INFO - 方法:bill_wm_to_third 执行页码：134, 条数：134000 
2020/12/09 09:13:54 - INFO - 方法:bill_wm_to_third 执行页码：135, 条数：135000 
2020/12/09 09:13:55 - INFO - 方法:bill_wm_to_third 执行页码：136, 条数：136000 
2020/12/09 09:13:55 - INFO - 方法:bill_wm_to_third 执行页码：137, 条数：137000 
2020/12/09 09:13:55 - INFO - 方法:bill_wm_to_third 执行页码：138, 条数：138000 
2020/12/09 09:13:55 - INFO - 方法:bill_wm_to_third 执行页码：139, 条数：139000 
2020/12/09 09:13:55 - INFO - 方法:bill_wm_to_third 执行页码：140, 条数：140000 
2020/12/09 09:13:56 - INFO - 方法:bill_wm_to_third 执行页码：141, 条数：141000 
2020/12/09 09:13:56 - INFO - 方法:bill_wm_to_third 执行页码：142, 条数：142000 
2020/12/09 09:13:56 - INFO - 方法:bill_wm_to_third 执行页码：143, 条数：143000 
2020/12/09 09:13:56 - INFO - 方法:bill_wm_to_third 执行页码：144, 条数：144000 
2020/12/09 09:13:56 - INFO - 方法:bill_wm_to_third 执行页码：145, 条数：145000 
2020/12/09 09:13:57 - INFO - 方法:bill_wm_to_third 执行页码：146, 条数：146000 
2020/12/09 09:13:57 - INFO - 方法:bill_wm_to_third 执行页码：147, 条数：147000 
2020/12/09 09:13:57 - INFO - 方法:bill_wm_to_third 执行页码：148, 条数：148000 
2020/12/09 09:13:57 - INFO - 方法:bill_wm_to_third 执行页码：149, 条数：149000 
2020/12/09 09:13:57 - INFO - 方法:bill_wm_to_third 执行页码：150, 条数：150000 
2020/12/09 09:13:57 - INFO - 方法:bill_wm_to_third 执行页码：151, 条数：150000
2020/12/09 09:19:54 - INFO - 方法:bill_wm_to_third 从文件 ../excel/wm_02.xlsx 中读取数据,开始时间：1607476794
2020/12/09 09:20:30 - INFO - 方法:bill_wm_to_third 从文件 ../excel/wm_02.xlsx 中读取数据,结束时间：1607476830, 读取时长：36 s
2020/12/09 09:20:31 - INFO - 方法:bill_wm_to_third 执行页码：1, 条数：1000 
2020/12/09 09:20:31 - INFO - 方法:bill_wm_to_third 执行页码：2, 条数：2000 
2020/12/09 09:20:31 - INFO - 方法:bill_wm_to_third 执行页码：3, 条数：3000 
2020/12/09 09:20:32 - INFO - 方法:bill_wm_to_third 执行页码：4, 条数：4000 
2020/12/09 09:20:32 - INFO - 方法:bill_wm_to_third 执行页码：5, 条数：5000 
2020/12/09 09:20:32 - INFO - 方法:bill_wm_to_third 执行页码：6, 条数：6000 
2020/12/09 09:20:32 - INFO - 方法:bill_wm_to_third 执行页码：7, 条数：7000 
2020/12/09 09:20:33 - INFO - 方法:bill_wm_to_third 执行页码：8, 条数：8000 
2020/12/09 09:20:33 - INFO - 方法:bill_wm_to_third 执行页码：9, 条数：9000 
2020/12/09 09:20:33 - INFO - 方法:bill_wm_to_third 执行页码：10, 条数：10000 
2020/12/09 09:20:33 - INFO - 方法:bill_wm_to_third 执行页码：11, 条数：11000 
2020/12/09 09:20:33 - INFO - 方法:bill_wm_to_third 执行页码：12, 条数：12000 
2020/12/09 09:20:34 - INFO - 方法:bill_wm_to_third 执行页码：13, 条数：13000 
2020/12/09 09:20:34 - INFO - 方法:bill_wm_to_third 执行页码：14, 条数：14000 
2020/12/09 09:20:34 - INFO - 方法:bill_wm_to_third 执行页码：15, 条数：15000 
2020/12/09 09:20:34 - INFO - 方法:bill_wm_to_third 执行页码：16, 条数：16000 
2020/12/09 09:20:34 - INFO - 方法:bill_wm_to_third 执行页码：17, 条数：17000 
2020/12/09 09:20:34 - INFO - 方法:bill_wm_to_third 执行页码：18, 条数：18000 
2020/12/09 09:20:34 - INFO - 方法:bill_wm_to_third 执行页码：19, 条数：19000 
2020/12/09 09:20:35 - INFO - 方法:bill_wm_to_third 执行页码：20, 条数：20000 
2020/12/09 09:20:35 - INFO - 方法:bill_wm_to_third 执行页码：21, 条数：21000 
2020/12/09 09:20:35 - INFO - 方法:bill_wm_to_third 执行页码：22, 条数：22000 
2020/12/09 09:20:35 - INFO - 方法:bill_wm_to_third 执行页码：23, 条数：23000 
2020/12/09 09:20:35 - INFO - 方法:bill_wm_to_third 执行页码：24, 条数：24000 
2020/12/09 09:20:35 - INFO - 方法:bill_wm_to_third 执行页码：25, 条数：25000 
2020/12/09 09:20:36 - INFO - 方法:bill_wm_to_third 执行页码：26, 条数：26000 
2020/12/09 09:20:36 - INFO - 方法:bill_wm_to_third 执行页码：27, 条数：27000 
2020/12/09 09:20:36 - INFO - 方法:bill_wm_to_third 执行页码：28, 条数：28000 
2020/12/09 09:20:36 - INFO - 方法:bill_wm_to_third 执行页码：29, 条数：29000 
2020/12/09 09:20:36 - INFO - 方法:bill_wm_to_third 执行页码：30, 条数：30000 
2020/12/09 09:20:37 - INFO - 方法:bill_wm_to_third 执行页码：31, 条数：31000 
2020/12/09 09:20:37 - INFO - 方法:bill_wm_to_third 执行页码：32, 条数：32000 
2020/12/09 09:20:37 - INFO - 方法:bill_wm_to_third 执行页码：33, 条数：33000 
2020/12/09 09:20:37 - INFO - 方法:bill_wm_to_third 执行页码：34, 条数：34000 
2020/12/09 09:20:37 - INFO - 方法:bill_wm_to_third 执行页码：35, 条数：35000 
2020/12/09 09:20:37 - INFO - 方法:bill_wm_to_third 执行页码：36, 条数：36000 
2020/12/09 09:20:37 - INFO - 方法:bill_wm_to_third 执行页码：37, 条数：37000 
2020/12/09 09:20:38 - INFO - 方法:bill_wm_to_third 执行页码：38, 条数：38000 
2020/12/09 09:20:38 - INFO - 方法:bill_wm_to_third 执行页码：39, 条数：39000 
2020/12/09 09:20:38 - INFO - 方法:bill_wm_to_third 执行页码：40, 条数：40000 
2020/12/09 09:20:38 - INFO - 方法:bill_wm_to_third 执行页码：41, 条数：41000 
2020/12/09 09:20:38 - INFO - 方法:bill_wm_to_third 执行页码：42, 条数：42000 
2020/12/09 09:20:38 - INFO - 方法:bill_wm_to_third 执行页码：43, 条数：43000 
2020/12/09 09:20:39 - INFO - 方法:bill_wm_to_third 执行页码：44, 条数：44000 
2020/12/09 09:20:39 - INFO - 方法:bill_wm_to_third 执行页码：45, 条数：45000 
2020/12/09 09:20:39 - INFO - 方法:bill_wm_to_third 执行页码：46, 条数：46000 
2020/12/09 09:20:39 - INFO - 方法:bill_wm_to_third 执行页码：47, 条数：47000 
2020/12/09 09:20:39 - INFO - 方法:bill_wm_to_third 执行页码：48, 条数：48000 
2020/12/09 09:20:39 - INFO - 方法:bill_wm_to_third 执行页码：49, 条数：49000 
2020/12/09 09:20:40 - INFO - 方法:bill_wm_to_third 执行页码：50, 条数：50000 
2020/12/09 09:20:40 - INFO - 方法:bill_wm_to_third 执行页码：51, 条数：51000 
2020/12/09 09:20:40 - INFO - 方法:bill_wm_to_third 执行页码：52, 条数：52000 
2020/12/09 09:20:40 - INFO - 方法:bill_wm_to_third 执行页码：53, 条数：53000 
2020/12/09 09:20:40 - INFO - 方法:bill_wm_to_third 执行页码：54, 条数：54000 
2020/12/09 09:20:40 - INFO - 方法:bill_wm_to_third 执行页码：55, 条数：55000 
2020/12/09 09:20:41 - INFO - 方法:bill_wm_to_third 执行页码：56, 条数：56000 
2020/12/09 09:20:41 - INFO - 方法:bill_wm_to_third 执行页码：57, 条数：57000 
2020/12/09 09:20:41 - INFO - 方法:bill_wm_to_third 执行页码：58, 条数：58000 
2020/12/09 09:20:41 - INFO - 方法:bill_wm_to_third 执行页码：59, 条数：59000 
2020/12/09 09:20:41 - INFO - 方法:bill_wm_to_third 执行页码：60, 条数：60000 
2020/12/09 09:20:41 - INFO - 方法:bill_wm_to_third 执行页码：61, 条数：61000 
2020/12/09 09:20:42 - INFO - 方法:bill_wm_to_third 执行页码：62, 条数：62000 
2020/12/09 09:20:42 - INFO - 方法:bill_wm_to_third 执行页码：63, 条数：63000 
2020/12/09 09:20:42 - INFO - 方法:bill_wm_to_third 执行页码：64, 条数：64000 
2020/12/09 09:20:42 - INFO - 方法:bill_wm_to_third 执行页码：65, 条数：65000 
2020/12/09 09:20:42 - INFO - 方法:bill_wm_to_third 执行页码：66, 条数：66000 
2020/12/09 09:20:42 - INFO - 方法:bill_wm_to_third 执行页码：67, 条数：67000 
2020/12/09 09:20:42 - INFO - 方法:bill_wm_to_third 执行页码：68, 条数：68000 
2020/12/09 09:20:43 - INFO - 方法:bill_wm_to_third 执行页码：69, 条数：69000 
2020/12/09 09:20:43 - INFO - 方法:bill_wm_to_third 执行页码：70, 条数：70000 
2020/12/09 09:20:43 - INFO - 方法:bill_wm_to_third 执行页码：71, 条数：71000 
2020/12/09 09:20:43 - INFO - 方法:bill_wm_to_third 执行页码：72, 条数：72000 
2020/12/09 09:20:43 - INFO - 方法:bill_wm_to_third 执行页码：73, 条数：73000 
2020/12/09 09:20:43 - INFO - 方法:bill_wm_to_third 执行页码：74, 条数：74000 
2020/12/09 09:20:44 - INFO - 方法:bill_wm_to_third 执行页码：75, 条数：75000 
2020/12/09 09:20:44 - INFO - 方法:bill_wm_to_third 执行页码：76, 条数：76000 
2020/12/09 09:20:44 - INFO - 方法:bill_wm_to_third 执行页码：77, 条数：77000 
2020/12/09 09:20:44 - INFO - 方法:bill_wm_to_third 执行页码：78, 条数：78000 
2020/12/09 09:20:44 - INFO - 方法:bill_wm_to_third 执行页码：79, 条数：79000 
2020/12/09 09:20:45 - INFO - 方法:bill_wm_to_third 执行页码：80, 条数：80000 
2020/12/09 09:20:45 - INFO - 方法:bill_wm_to_third 执行页码：81, 条数：81000 
2020/12/09 09:20:45 - INFO - 方法:bill_wm_to_third 执行页码：82, 条数：82000 
2020/12/09 09:20:45 - INFO - 方法:bill_wm_to_third 执行页码：83, 条数：83000 
2020/12/09 09:20:45 - INFO - 方法:bill_wm_to_third 执行页码：84, 条数：84000 
2020/12/09 09:20:45 - INFO - 方法:bill_wm_to_third 执行页码：85, 条数：85000 
2020/12/09 09:20:46 - INFO - 方法:bill_wm_to_third 执行页码：86, 条数：86000 
2020/12/09 09:20:46 - INFO - 方法:bill_wm_to_third 执行页码：87, 条数：87000 
2020/12/09 09:20:46 - INFO - 方法:bill_wm_to_third 执行页码：88, 条数：88000 
2020/12/09 09:20:46 - INFO - 方法:bill_wm_to_third 执行页码：89, 条数：89000 
2020/12/09 09:20:46 - INFO - 方法:bill_wm_to_third 执行页码：90, 条数：90000 
2020/12/09 09:20:46 - INFO - 方法:bill_wm_to_third 执行页码：91, 条数：91000 
2020/12/09 09:20:47 - INFO - 方法:bill_wm_to_third 执行页码：92, 条数：92000 
2020/12/09 09:20:47 - INFO - 方法:bill_wm_to_third 执行页码：93, 条数：93000 
2020/12/09 09:20:47 - INFO - 方法:bill_wm_to_third 执行页码：94, 条数：94000 
2020/12/09 09:20:47 - INFO - 方法:bill_wm_to_third 执行页码：95, 条数：95000 
2020/12/09 09:20:47 - INFO - 方法:bill_wm_to_third 执行页码：96, 条数：96000 
2020/12/09 09:20:47 - INFO - 方法:bill_wm_to_third 执行页码：97, 条数：97000 
2020/12/09 09:20:48 - INFO - 方法:bill_wm_to_third 执行页码：98, 条数：98000 
2020/12/09 09:20:48 - INFO - 方法:bill_wm_to_third 执行页码：99, 条数：99000 
2020/12/09 09:20:48 - INFO - 方法:bill_wm_to_third 执行页码：100, 条数：100000 
2020/12/09 09:20:48 - INFO - 方法:bill_wm_to_third 执行页码：101, 条数：101000 
2020/12/09 09:20:48 - INFO - 方法:bill_wm_to_third 执行页码：102, 条数：102000 
2020/12/09 09:20:48 - INFO - 方法:bill_wm_to_third 执行页码：103, 条数：103000 
2020/12/09 09:20:49 - INFO - 方法:bill_wm_to_third 执行页码：104, 条数：104000 
2020/12/09 09:20:49 - INFO - 方法:bill_wm_to_third 执行页码：105, 条数：105000 
2020/12/09 09:20:49 - INFO - 方法:bill_wm_to_third 执行页码：106, 条数：106000 
2020/12/09 09:20:49 - INFO - 方法:bill_wm_to_third 执行页码：107, 条数：107000 
2020/12/09 09:20:49 - INFO - 方法:bill_wm_to_third 执行页码：108, 条数：108000 
2020/12/09 09:20:49 - INFO - 方法:bill_wm_to_third 执行页码：109, 条数：109000 
2020/12/09 09:20:50 - INFO - 方法:bill_wm_to_third 执行页码：110, 条数：110000 
2020/12/09 09:20:50 - INFO - 方法:bill_wm_to_third 执行页码：111, 条数：111000 
2020/12/09 09:20:50 - INFO - 方法:bill_wm_to_third 执行页码：112, 条数：112000 
2020/12/09 09:20:50 - INFO - 方法:bill_wm_to_third 执行页码：113, 条数：113000 
2020/12/09 09:20:50 - INFO - 方法:bill_wm_to_third 执行页码：114, 条数：114000 
2020/12/09 09:20:50 - INFO - 方法:bill_wm_to_third 执行页码：115, 条数：115000 
2020/12/09 09:20:51 - INFO - 方法:bill_wm_to_third 执行页码：116, 条数：116000 
2020/12/09 09:20:51 - INFO - 方法:bill_wm_to_third 执行页码：117, 条数：117000 
2020/12/09 09:20:51 - INFO - 方法:bill_wm_to_third 执行页码：118, 条数：118000 
2020/12/09 09:20:51 - INFO - 方法:bill_wm_to_third 执行页码：119, 条数：119000 
2020/12/09 09:20:51 - INFO - 方法:bill_wm_to_third 执行页码：120, 条数：120000 
2020/12/09 09:20:51 - INFO - 方法:bill_wm_to_third 执行页码：121, 条数：121000 
2020/12/09 09:20:52 - INFO - 方法:bill_wm_to_third 执行页码：122, 条数：122000 
2020/12/09 09:20:52 - INFO - 方法:bill_wm_to_third 执行页码：123, 条数：123000 
2020/12/09 09:20:52 - INFO - 方法:bill_wm_to_third 执行页码：124, 条数：124000 
2020/12/09 09:20:52 - INFO - 方法:bill_wm_to_third 执行页码：125, 条数：125000 
2020/12/09 09:20:52 - INFO - 方法:bill_wm_to_third 执行页码：126, 条数：126000 
2020/12/09 09:20:52 - INFO - 方法:bill_wm_to_third 执行页码：127, 条数：127000 
2020/12/09 09:20:53 - INFO - 方法:bill_wm_to_third 执行页码：128, 条数：128000 
2020/12/09 09:20:53 - INFO - 方法:bill_wm_to_third 执行页码：129, 条数：129000 
2020/12/09 09:20:53 - INFO - 方法:bill_wm_to_third 执行页码：130, 条数：130000 
2020/12/09 09:20:53 - INFO - 方法:bill_wm_to_third 执行页码：131, 条数：131000 
2020/12/09 09:20:53 - INFO - 方法:bill_wm_to_third 执行页码：132, 条数：132000 
2020/12/09 09:20:53 - INFO - 方法:bill_wm_to_third 执行页码：133, 条数：133000 
2020/12/09 09:20:53 - INFO - 方法:bill_wm_to_third 执行页码：134, 条数：134000 
2020/12/09 09:20:54 - INFO - 方法:bill_wm_to_third 执行页码：135, 条数：135000 
2020/12/09 09:20:54 - INFO - 方法:bill_wm_to_third 执行页码：136, 条数：136000 
2020/12/09 09:20:54 - INFO - 方法:bill_wm_to_third 执行页码：137, 条数：137000 
2020/12/09 09:20:54 - INFO - 方法:bill_wm_to_third 执行页码：138, 条数：138000 
2020/12/09 09:20:54 - INFO - 方法:bill_wm_to_third 执行页码：139, 条数：139000 
2020/12/09 09:20:54 - INFO - 方法:bill_wm_to_third 执行页码：140, 条数：140000 
2020/12/09 09:20:54 - INFO - 方法:bill_wm_to_third 执行页码：141, 条数：141000 
2020/12/09 09:20:55 - INFO - 方法:bill_wm_to_third 执行页码：142, 条数：142000 
2020/12/09 09:20:55 - INFO - 方法:bill_wm_to_third 执行页码：143, 条数：143000 
2020/12/09 09:20:55 - INFO - 方法:bill_wm_to_third 执行页码：144, 条数：144000 
2020/12/09 09:20:55 - INFO - 方法:bill_wm_to_third 执行页码：145, 条数：145000 
2020/12/09 09:20:55 - INFO - 方法:bill_wm_to_third 执行页码：146, 条数：146000 
2020/12/09 09:20:55 - INFO - 方法:bill_wm_to_third 执行页码：147, 条数：147000 
2020/12/09 09:20:56 - INFO - 方法:bill_wm_to_third 执行页码：148, 条数：148000 
2020/12/09 09:20:56 - INFO - 方法:bill_wm_to_third 执行页码：149, 条数：149000 
2020/12/09 09:20:56 - INFO - 方法:bill_wm_to_third 执行页码：150, 条数：150000 
2020/12/09 09:20:56 - INFO - 方法:bill_wm_to_third 执行页码：151, 条数：150846
2020/12/09 09:26:34 - INFO - 方法:bill_wm_to_third 从文件 ../excel/wm_02.xlsx 中读取数据,开始时间：1607477194
2020/12/09 09:27:11 - INFO - 方法:bill_wm_to_third 从文件 ../excel/wm_02.xlsx 中读取数据,结束时间：1607477231, 读取时长：37 s
2020/12/09 09:27:11 - INFO - 方法:bill_wm_to_third 执行页码：1, 条数：1000 
2020/12/09 09:27:11 - INFO - 方法:bill_wm_to_third 执行页码：2, 条数：2000 
2020/12/09 09:27:12 - INFO - 方法:bill_wm_to_third 执行页码：3, 条数：3000 
2020/12/09 09:27:12 - INFO - 方法:bill_wm_to_third 执行页码：4, 条数：4000 
2020/12/09 09:27:13 - INFO - 方法:bill_wm_to_third 执行页码：5, 条数：5000 
2020/12/09 09:27:13 - INFO - 方法:bill_wm_to_third 执行页码：6, 条数：6000 
2020/12/09 09:27:13 - INFO - 方法:bill_wm_to_third 执行页码：7, 条数：7000 
2020/12/09 09:27:13 - INFO - 方法:bill_wm_to_third 执行页码：8, 条数：8000 
2020/12/09 09:27:13 - INFO - 方法:bill_wm_to_third 执行页码：9, 条数：9000 
2020/12/09 09:27:14 - INFO - 方法:bill_wm_to_third 执行页码：10, 条数：10000 
2020/12/09 09:27:14 - INFO - 方法:bill_wm_to_third 执行页码：11, 条数：11000 
2020/12/09 09:27:14 - INFO - 方法:bill_wm_to_third 执行页码：12, 条数：12000 
2020/12/09 09:27:14 - INFO - 方法:bill_wm_to_third 执行页码：13, 条数：13000 
2020/12/09 09:27:14 - INFO - 方法:bill_wm_to_third 执行页码：14, 条数：14000 
2020/12/09 09:27:15 - INFO - 方法:bill_wm_to_third 执行页码：15, 条数：15000 
2020/12/09 09:27:15 - INFO - 方法:bill_wm_to_third 执行页码：16, 条数：16000 
2020/12/09 09:27:15 - INFO - 方法:bill_wm_to_third 执行页码：17, 条数：17000 
2020/12/09 09:27:15 - INFO - 方法:bill_wm_to_third 执行页码：18, 条数：18000 
2020/12/09 09:27:15 - INFO - 方法:bill_wm_to_third 执行页码：19, 条数：19000 
2020/12/09 09:27:15 - INFO - 方法:bill_wm_to_third 执行页码：20, 条数：20000 
2020/12/09 09:27:16 - INFO - 方法:bill_wm_to_third 执行页码：21, 条数：21000 
2020/12/09 09:27:16 - INFO - 方法:bill_wm_to_third 执行页码：22, 条数：22000 
2020/12/09 09:27:16 - INFO - 方法:bill_wm_to_third 执行页码：23, 条数：23000 
2020/12/09 09:27:16 - INFO - 方法:bill_wm_to_third 执行页码：24, 条数：24000 
2020/12/09 09:27:16 - INFO - 方法:bill_wm_to_third 执行页码：25, 条数：25000 
2020/12/09 09:27:17 - INFO - 方法:bill_wm_to_third 执行页码：26, 条数：26000 
2020/12/09 09:27:17 - INFO - 方法:bill_wm_to_third 执行页码：27, 条数：27000 
2020/12/09 09:27:17 - INFO - 方法:bill_wm_to_third 执行页码：28, 条数：28000 
2020/12/09 09:27:17 - INFO - 方法:bill_wm_to_third 执行页码：29, 条数：29000 
2020/12/09 09:27:17 - INFO - 方法:bill_wm_to_third 执行页码：30, 条数：30000 
2020/12/09 09:27:18 - INFO - 方法:bill_wm_to_third 执行页码：31, 条数：31000 
2020/12/09 09:27:18 - INFO - 方法:bill_wm_to_third 执行页码：32, 条数：32000 
2020/12/09 09:27:18 - INFO - 方法:bill_wm_to_third 执行页码：33, 条数：33000 
2020/12/09 09:27:18 - INFO - 方法:bill_wm_to_third 执行页码：34, 条数：34000 
2020/12/09 09:27:18 - INFO - 方法:bill_wm_to_third 执行页码：35, 条数：35000 
2020/12/09 09:27:18 - INFO - 方法:bill_wm_to_third 执行页码：36, 条数：36000 
2020/12/09 09:27:19 - INFO - 方法:bill_wm_to_third 执行页码：37, 条数：37000 
2020/12/09 09:27:19 - INFO - 方法:bill_wm_to_third 执行页码：38, 条数：38000 
2020/12/09 09:27:19 - INFO - 方法:bill_wm_to_third 执行页码：39, 条数：39000 
2020/12/09 09:27:19 - INFO - 方法:bill_wm_to_third 执行页码：40, 条数：40000 
2020/12/09 09:27:19 - INFO - 方法:bill_wm_to_third 执行页码：41, 条数：41000 
2020/12/09 09:27:20 - INFO - 方法:bill_wm_to_third 执行页码：42, 条数：42000 
2020/12/09 09:27:20 - INFO - 方法:bill_wm_to_third 执行页码：43, 条数：43000 
2020/12/09 09:27:20 - INFO - 方法:bill_wm_to_third 执行页码：44, 条数：44000 
2020/12/09 09:27:20 - INFO - 方法:bill_wm_to_third 执行页码：45, 条数：45000 
2020/12/09 09:27:20 - INFO - 方法:bill_wm_to_third 执行页码：46, 条数：46000 
2020/12/09 09:27:20 - INFO - 方法:bill_wm_to_third 执行页码：47, 条数：47000 
2020/12/09 09:27:21 - INFO - 方法:bill_wm_to_third 执行页码：48, 条数：48000 
2020/12/09 09:27:21 - INFO - 方法:bill_wm_to_third 执行页码：49, 条数：49000 
2020/12/09 09:27:21 - INFO - 方法:bill_wm_to_third 执行页码：50, 条数：50000 
2020/12/09 09:27:21 - INFO - 方法:bill_wm_to_third 执行页码：51, 条数：51000 
2020/12/09 09:27:21 - INFO - 方法:bill_wm_to_third 执行页码：52, 条数：52000 
2020/12/09 09:27:22 - INFO - 方法:bill_wm_to_third 执行页码：53, 条数：53000 
2020/12/09 09:27:22 - INFO - 方法:bill_wm_to_third 执行页码：54, 条数：54000 
2020/12/09 09:27:22 - INFO - 方法:bill_wm_to_third 执行页码：55, 条数：55000 
2020/12/09 09:27:22 - INFO - 方法:bill_wm_to_third 执行页码：56, 条数：56000 
2020/12/09 09:27:22 - INFO - 方法:bill_wm_to_third 执行页码：57, 条数：57000 
2020/12/09 09:27:23 - INFO - 方法:bill_wm_to_third 执行页码：58, 条数：58000 
2020/12/09 09:27:23 - INFO - 方法:bill_wm_to_third 执行页码：59, 条数：59000 
2020/12/09 09:27:23 - INFO - 方法:bill_wm_to_third 执行页码：60, 条数：60000 
2020/12/09 09:27:23 - INFO - 方法:bill_wm_to_third 执行页码：61, 条数：61000 
2020/12/09 09:27:23 - INFO - 方法:bill_wm_to_third 执行页码：62, 条数：62000 
2020/12/09 09:27:23 - INFO - 方法:bill_wm_to_third 执行页码：63, 条数：63000 
2020/12/09 09:27:24 - INFO - 方法:bill_wm_to_third 执行页码：64, 条数：64000 
2020/12/09 09:27:24 - INFO - 方法:bill_wm_to_third 执行页码：65, 条数：65000 
2020/12/09 09:27:24 - INFO - 方法:bill_wm_to_third 执行页码：66, 条数：66000 
2020/12/09 09:27:24 - INFO - 方法:bill_wm_to_third 执行页码：67, 条数：67000 
2020/12/09 09:27:24 - INFO - 方法:bill_wm_to_third 执行页码：68, 条数：68000 
2020/12/09 09:27:25 - INFO - 方法:bill_wm_to_third 执行页码：69, 条数：69000 
2020/12/09 09:27:25 - INFO - 方法:bill_wm_to_third 执行页码：70, 条数：70000 
2020/12/09 09:27:25 - INFO - 方法:bill_wm_to_third 执行页码：71, 条数：71000 
2020/12/09 09:27:25 - INFO - 方法:bill_wm_to_third 执行页码：72, 条数：72000 
2020/12/09 09:27:25 - INFO - 方法:bill_wm_to_third 执行页码：73, 条数：73000 
2020/12/09 09:27:25 - INFO - 方法:bill_wm_to_third 执行页码：74, 条数：74000 
2020/12/09 09:27:26 - INFO - 方法:bill_wm_to_third 执行页码：75, 条数：75000 
2020/12/09 09:27:26 - INFO - 方法:bill_wm_to_third 执行页码：76, 条数：76000 
2020/12/09 09:27:26 - INFO - 方法:bill_wm_to_third 执行页码：77, 条数：77000 
2020/12/09 09:27:26 - INFO - 方法:bill_wm_to_third 执行页码：78, 条数：78000 
2020/12/09 09:27:26 - INFO - 方法:bill_wm_to_third 执行页码：79, 条数：79000 
2020/12/09 09:27:27 - INFO - 方法:bill_wm_to_third 执行页码：80, 条数：80000 
2020/12/09 09:27:27 - INFO - 方法:bill_wm_to_third 执行页码：81, 条数：81000 
2020/12/09 09:27:27 - INFO - 方法:bill_wm_to_third 执行页码：82, 条数：82000 
2020/12/09 09:27:27 - INFO - 方法:bill_wm_to_third 执行页码：83, 条数：83000 
2020/12/09 09:27:27 - INFO - 方法:bill_wm_to_third 执行页码：84, 条数：84000 
2020/12/09 09:27:27 - INFO - 方法:bill_wm_to_third 执行页码：85, 条数：85000 
2020/12/09 09:27:28 - INFO - 方法:bill_wm_to_third 执行页码：86, 条数：86000 
2020/12/09 09:27:28 - INFO - 方法:bill_wm_to_third 执行页码：87, 条数：87000 
2020/12/09 09:27:28 - INFO - 方法:bill_wm_to_third 执行页码：88, 条数：88000 
2020/12/09 09:27:28 - INFO - 方法:bill_wm_to_third 执行页码：89, 条数：89000 
2020/12/09 09:27:28 - INFO - 方法:bill_wm_to_third 执行页码：90, 条数：90000 
2020/12/09 09:27:29 - INFO - 方法:bill_wm_to_third 执行页码：91, 条数：91000 
2020/12/09 09:27:29 - INFO - 方法:bill_wm_to_third 执行页码：92, 条数：92000 
2020/12/09 09:27:29 - INFO - 方法:bill_wm_to_third 执行页码：93, 条数：93000 
2020/12/09 09:27:29 - INFO - 方法:bill_wm_to_third 执行页码：94, 条数：94000 
2020/12/09 09:27:29 - INFO - 方法:bill_wm_to_third 执行页码：95, 条数：95000 
2020/12/09 09:27:29 - INFO - 方法:bill_wm_to_third 执行页码：96, 条数：96000 
2020/12/09 09:27:30 - INFO - 方法:bill_wm_to_third 执行页码：97, 条数：97000 
2020/12/09 09:27:30 - INFO - 方法:bill_wm_to_third 执行页码：98, 条数：98000 
2020/12/09 09:27:30 - INFO - 方法:bill_wm_to_third 执行页码：99, 条数：99000 
2020/12/09 09:27:30 - INFO - 方法:bill_wm_to_third 执行页码：100, 条数：100000 
2020/12/09 09:27:30 - INFO - 方法:bill_wm_to_third 执行页码：101, 条数：101000 
2020/12/09 09:27:31 - INFO - 方法:bill_wm_to_third 执行页码：102, 条数：102000 
2020/12/09 09:27:31 - INFO - 方法:bill_wm_to_third 执行页码：103, 条数：103000 
2020/12/09 09:27:31 - INFO - 方法:bill_wm_to_third 执行页码：104, 条数：104000 
2020/12/09 09:27:31 - INFO - 方法:bill_wm_to_third 执行页码：105, 条数：105000 
2020/12/09 09:27:32 - INFO - 方法:bill_wm_to_third 执行页码：106, 条数：106000 
2020/12/09 09:27:32 - INFO - 方法:bill_wm_to_third 执行页码：107, 条数：107000 
2020/12/09 09:27:32 - INFO - 方法:bill_wm_to_third 执行页码：108, 条数：108000 
2020/12/09 09:27:32 - INFO - 方法:bill_wm_to_third 执行页码：109, 条数：109000 
2020/12/09 09:27:32 - INFO - 方法:bill_wm_to_third 执行页码：110, 条数：110000 
2020/12/09 09:27:33 - INFO - 方法:bill_wm_to_third 执行页码：111, 条数：111000 
2020/12/09 09:27:33 - INFO - 方法:bill_wm_to_third 执行页码：112, 条数：112000 
2020/12/09 09:27:33 - INFO - 方法:bill_wm_to_third 执行页码：113, 条数：113000 
2020/12/09 09:27:33 - INFO - 方法:bill_wm_to_third 执行页码：114, 条数：114000 
2020/12/09 09:27:33 - INFO - 方法:bill_wm_to_third 执行页码：115, 条数：115000 
2020/12/09 09:27:33 - INFO - 方法:bill_wm_to_third 执行页码：116, 条数：116000 
2020/12/09 09:27:34 - INFO - 方法:bill_wm_to_third 执行页码：117, 条数：117000 
2020/12/09 09:27:34 - INFO - 方法:bill_wm_to_third 执行页码：118, 条数：118000 
2020/12/09 09:27:34 - INFO - 方法:bill_wm_to_third 执行页码：119, 条数：119000 
2020/12/09 09:27:34 - INFO - 方法:bill_wm_to_third 执行页码：120, 条数：120000 
2020/12/09 09:27:34 - INFO - 方法:bill_wm_to_third 执行页码：121, 条数：121000 
2020/12/09 09:27:34 - INFO - 方法:bill_wm_to_third 执行页码：122, 条数：122000 
2020/12/09 09:27:35 - INFO - 方法:bill_wm_to_third 执行页码：123, 条数：123000 
2020/12/09 09:27:35 - INFO - 方法:bill_wm_to_third 执行页码：124, 条数：124000 
2020/12/09 09:27:35 - INFO - 方法:bill_wm_to_third 执行页码：125, 条数：125000 
2020/12/09 09:27:35 - INFO - 方法:bill_wm_to_third 执行页码：126, 条数：126000 
2020/12/09 09:27:35 - INFO - 方法:bill_wm_to_third 执行页码：127, 条数：127000 
2020/12/09 09:27:35 - INFO - 方法:bill_wm_to_third 执行页码：128, 条数：128000 
2020/12/09 09:27:36 - INFO - 方法:bill_wm_to_third 执行页码：129, 条数：129000 
2020/12/09 09:27:36 - INFO - 方法:bill_wm_to_third 执行页码：130, 条数：130000 
2020/12/09 09:27:36 - INFO - 方法:bill_wm_to_third 执行页码：131, 条数：131000 
2020/12/09 09:27:36 - INFO - 方法:bill_wm_to_third 执行页码：132, 条数：132000 
2020/12/09 09:27:36 - INFO - 方法:bill_wm_to_third 执行页码：133, 条数：133000 
2020/12/09 09:27:37 - INFO - 方法:bill_wm_to_third 执行页码：134, 条数：134000 
2020/12/09 09:27:37 - INFO - 方法:bill_wm_to_third 执行页码：135, 条数：135000 
2020/12/09 09:27:37 - INFO - 方法:bill_wm_to_third 执行页码：136, 条数：136000 
2020/12/09 09:27:37 - INFO - 方法:bill_wm_to_third 执行页码：137, 条数：137000 
2020/12/09 09:27:37 - INFO - 方法:bill_wm_to_third 执行页码：138, 条数：138000 
2020/12/09 09:27:38 - INFO - 方法:bill_wm_to_third 执行页码：139, 条数：139000 
2020/12/09 09:27:38 - INFO - 方法:bill_wm_to_third 执行页码：140, 条数：140000 
2020/12/09 09:27:38 - INFO - 方法:bill_wm_to_third 执行页码：141, 条数：141000 
2020/12/09 09:27:38 - INFO - 方法:bill_wm_to_third 执行页码：142, 条数：142000 
2020/12/09 09:27:38 - INFO - 方法:bill_wm_to_third 执行页码：143, 条数：143000 
2020/12/09 09:27:38 - INFO - 方法:bill_wm_to_third 执行页码：144, 条数：144000 
2020/12/09 09:27:39 - INFO - 方法:bill_wm_to_third 执行页码：145, 条数：145000 
2020/12/09 09:27:39 - INFO - 方法:bill_wm_to_third 执行页码：146, 条数：146000 
2020/12/09 09:27:39 - INFO - 方法:bill_wm_to_third 执行页码：147, 条数：147000 
2020/12/09 09:27:39 - INFO - 方法:bill_wm_to_third 执行页码：148, 条数：148000 
2020/12/09 09:27:39 - INFO - 方法:bill_wm_to_third 执行页码：149, 条数：149000 
2020/12/09 09:27:39 - INFO - 方法:bill_wm_to_third 执行页码：150, 条数：150000 
2020/12/09 09:27:39 - INFO - 方法:bill_wm_to_third 执行页码：151, 条数：150846
2020/12/09 21:35:11 - INFO - 方法 read_sheet 查询任务中已存在渠道： wm 的任务
2020/12/09 21:36:39 - INFO - 方法 read_sheet 查询任务中已存在渠道： wm 的任务
2020/12/09 21:37:23 - INFO - 方法 read_sheet 查询任务中已存在渠道： wm 的任务
2020/12/09 21:37:45 - INFO - 方法 read_sheet 查询任务中已存在渠道： wm 的任务
2020/12/09 21:38:05 - INFO - 方法 read_sheet 查询任务中已存在渠道： wm 的任务
2020/12/09 21:38:49 - INFO - 方法 read_sheet 查询任务中已存在渠道： wm 的任务
2020/12/09 21:40:56 - INFO - 方法:bill_wm_to_third 从文件 ../excel/wm_02.xlsx 中读取数据,开始时间：1607521256
2020/12/09 21:41:35 - INFO - 方法:bill_wm_to_third 从文件 ../excel/wm_02.xlsx 中读取数据,结束时间：1607521295, 读取时长：39 s
2020/12/09 21:41:36 - INFO - 方法:save_bills 执行页码：0, 条数：0 
2020/12/09 21:43:07 - INFO - 方法 read_sheet 查询任务中已存在渠道： wm 的任务
2020/12/09 21:43:28 - INFO - 方法:bill_wm_to_third 从文件 ../excel/wm_02.xlsx 中读取数据,开始时间：1607521408
2020/12/09 21:45:22 - INFO - 方法:bill_wm_to_third 从文件 ../excel/wm_02.xlsx 中读取数据,结束时间：1607521522, 读取时长：114 s
2020/12/09 21:45:54 - INFO - 方法:save_bills 执行页码：0, 条数：0 
2020/12/09 21:55:59 - INFO - 方法:bill_wm_to_third 从文件 ../excel/wm_02.xlsx 中读取数据,开始时间：1607522159
2020/12/09 21:56:36 - INFO - 方法:bill_wm_to_third 从文件 ../excel/wm_02.xlsx 中读取数据,结束时间：1607522196, 读取时长：37 s
2020/12/09 21:57:17 - INFO - 方法:bill_wm_to_third 从文件 ../excel/wm_02.xlsx 中读取数据,开始时间：1607522237
2020/12/09 21:57:54 - INFO - 方法:bill_wm_to_third 从文件 ../excel/wm_02.xlsx 中读取数据,结束时间：1607522274, 读取时长：37 s
2020/12/09 22:08:10 - INFO - 方法:bill_wm_to_third 从文件 ../excel/wm_02.xlsx 中读取数据,开始时间：1607522890
2020/12/09 22:08:47 - INFO - 方法:bill_wm_to_third 从文件 ../excel/wm_02.xlsx 中读取数据,结束时间：1607522927, 读取时长：37 s
2020/12/09 22:09:07 - INFO - 方法 read_sheet 查询任务中已存在渠道： wm 的任务
2020/12/09 22:09:19 - INFO - 方法:bill_wm_to_third 从文件 ../excel/wm_02.xlsx 中读取数据,开始时间：1607522959
2020/12/09 22:09:55 - INFO - 方法:bill_wm_to_third 从文件 ../excel/wm_02.xlsx 中读取数据,结束时间：1607522995, 读取时长：36 s
2020/12/09 22:09:57 - INFO - 方法:save_bills 执行页码：0, 条数：0 
